app/build/outputs/mapping/release/seeds.txt
com.kuro.daksh.fcm.BuildConfig
com.kuro.daksh.fcm.BuildConfig: boolean DEBUG
com.kuro.daksh.fcm.BuildConfig: java.lang.String APPLICATION_ID
com.kuro.daksh.fcm.BuildConfig: java.lang.String BUILD_TYPE
com.kuro.daksh.fcm.BuildConfig: java.lang.String FLAVOR
com.kuro.daksh.fcm.BuildConfig: int VERSION_CODE
com.kuro.daksh.fcm.BuildConfig: java.lang.String VERSION_NAME
com.kuro.daksh.fcm.BuildConfig: BuildConfig()
com.kuro.daksh.fcm.Config.Config
com.kuro.daksh.fcm.Config.Config: java.lang.String message
com.kuro.daksh.fcm.Config.Config: java.lang.String title
com.kuro.daksh.fcm.Config.Config: Config()
com.kuro.daksh.fcm.MainActivity
com.kuro.daksh.fcm.MainActivity: java.lang.String TAG
com.kuro.daksh.fcm.MainActivity: com.google.firebase.analytics.FirebaseAnalytics mFirebaseAnalytics
com.kuro.daksh.fcm.MainActivity: MainActivity()
com.kuro.daksh.fcm.MainActivity: void onCreate(android.os.Bundle)
com.kuro.daksh.fcm.MainActivity$1
com.kuro.daksh.fcm.MainActivity$1: void onClick(android.view.View)
com.kuro.daksh.fcm.MainActivity$1$1
com.kuro.daksh.fcm.MainActivity$1$1: void onComplete(com.google.android.gms.tasks.Task)
com.kuro.daksh.fcm.MainActivity$2
com.kuro.daksh.fcm.MainActivity$2: void onClick(android.view.View)
com.kuro.daksh.fcm.MainActivity$2$1
com.kuro.daksh.fcm.MainActivity$2$1: void onComplete(com.google.android.gms.tasks.Task)
com.kuro.daksh.fcm.Manifest
com.kuro.daksh.fcm.Manifest: Manifest()
com.kuro.daksh.fcm.Manifest$permission
com.kuro.daksh.fcm.Manifest$permission: java.lang.String C2D_MESSAGE
com.kuro.daksh.fcm.Manifest$permission: Manifest$permission()
com.kuro.daksh.fcm.MyFirebaseMessagingService
com.kuro.daksh.fcm.MyFirebaseMessagingService: java.lang.String TAG
com.kuro.daksh.fcm.MyFirebaseMessagingService: MyFirebaseMessagingService()
com.kuro.daksh.fcm.MyFirebaseMessagingService: void onMessageReceived(com.google.firebase.messaging.RemoteMessage)
com.kuro.daksh.fcm.MyFirebaseMessagingService: void showNotificationWithImage(android.graphics.Bitmap)
com.kuro.daksh.fcm.MyFirebaseMessagingService: void getImage(com.google.firebase.messaging.RemoteMessage)
com.kuro.daksh.fcm.MyFirebaseMessagingService: void onNewToken(java.lang.String)
com.kuro.daksh.fcm.MyFirebaseMessagingService: void scheduleJob()
com.kuro.daksh.fcm.MyFirebaseMessagingService: void handleNow()
com.kuro.daksh.fcm.MyFirebaseMessagingService: void sendRegistrationToServer(java.lang.String)
com.kuro.daksh.fcm.MyFirebaseMessagingService: void sendNotification(java.lang.String)
com.kuro.daksh.fcm.MyFirebaseMessagingService$1
com.kuro.daksh.fcm.MyFirebaseMessagingService$1: void onBitmapLoaded(android.graphics.Bitmap,com.squareup.picasso.Picasso$LoadedFrom)
com.kuro.daksh.fcm.MyFirebaseMessagingService$1: void onBitmapFailed(android.graphics.drawable.Drawable)
com.kuro.daksh.fcm.MyFirebaseMessagingService$1: void onPrepareLoad(android.graphics.drawable.Drawable)
com.kuro.daksh.fcm.MyFirebaseMessagingService$2
com.kuro.daksh.fcm.MyFirebaseMessagingService$2: void run()
com.kuro.daksh.fcm.MyJobService
com.kuro.daksh.fcm.MyJobService: java.lang.String TAG
com.kuro.daksh.fcm.MyJobService: MyJobService()
com.kuro.daksh.fcm.MyJobService: boolean onStartJob(com.firebase.jobdispatcher.JobParameters)
com.kuro.daksh.fcm.MyJobService: boolean onStopJob(com.firebase.jobdispatcher.JobParameters)
com.kuro.daksh.fcm.R
com.kuro.daksh.fcm.R: R()
...
android.support.v4.os.TraceCompat
android.support.v4.os.TraceCompat: void beginSection(java.lang.String)
android.support.v4.os.TraceCompat: void endSection()
android.support.v4.os.TraceCompat: TraceCompat()
android.support.v4.os.UserManagerCompat
android.support.v4.os.UserManagerCompat: UserManagerCompat()
android.support.v4.os.UserManagerCompat: boolean isUserUnlocked(android.content.Context)
android.support.v4.print.PrintHelper
android.support.v4.print.PrintHelper: java.lang.String LOG_TAG
android.support.v4.print.PrintHelper: int MAX_PRINT_SIZE
android.support.v4.print.PrintHelper: int SCALE_MODE_FIT
android.support.v4.print.PrintHelper: int SCALE_MODE_FILL
android.support.v4.print.PrintHelper: int COLOR_MODE_MONOCHROME
android.support.v4.print.PrintHelper: int COLOR_MODE_COLOR
android.support.v4.print.PrintHelper: int ORIENTATION_LANDSCAPE
android.support.v4.print.PrintHelper: int ORIENTATION_PORTRAIT
android.support.v4.print.PrintHelper: boolean systemSupportsPrint()
android.support.v4.print.PrintHelper: PrintHelper(android.content.Context)
android.support.v4.print.PrintHelper: void setScaleMode(int)
android.support.v4.print.PrintHelper: int getScaleMode()
android.support.v4.print.PrintHelper: void setColorMode(int)
android.support.v4.print.PrintHelper: int getColorMode()
android.support.v4.print.PrintHelper: void setOrientation(int)
android.support.v4.print.PrintHelper: int getOrientation()
android.support.v4.print.PrintHelper: void printBitmap(java.lang.String,android.graphics.Bitmap)
android.support.v4.print.PrintHelper: void printBitmap(java.lang.String,android.graphics.Bitmap,android.support.v4.print.PrintHelper$OnPrintFinishCallback)
android.support.v4.print.PrintHelper: void printBitmap(java.lang.String,android.net.Uri)
android.support.v4.print.PrintHelper$1
android.support.v4.print.PrintHelper$1: java.lang.Throwable doInBackground(java.lang.Void[])
android.support.v4.print.PrintHelper$1: void onPostExecute(java.lang.Throwable)
android.support.v4.print.PrintHelper$1: void onPostExecute(java.lang.Object)
android.support.v4.print.PrintHelper$1: java.lang.Object doInBackground(java.lang.Object[])
android.support.v4.print.PrintHelper$OnPrintFinishCallback
android.support.v4.print.PrintHelper$OnPrintFinishCallback: void onFinish()
android.support.v4.print.PrintHelper$PrintBitmapAdapter
android.support.v4.print.PrintHelper$PrintBitmapAdapter: java.lang.String mJobName
android.support.v4.print.PrintHelper$PrintBitmapAdapter: int mFittingMode
android.support.v4.print.PrintHelper$PrintBitmapAdapter: android.graphics.Bitmap mBitmap
android.support.v4.print.PrintHelper$PrintBitmapAdapter: android.support.v4.print.PrintHelper$OnPrintFinishCallback mCallback
android.support.v4.print.PrintHelper$PrintBitmapAdapter: android.print.PrintAttributes mAttributes
android.support.v4.print.PrintHelper$PrintBitmapAdapter: void onLayout(android.print.PrintAttributes,android.print.PrintAttributes,android.os.CancellationSignal,android.print.PrintDocumentAdapter$LayoutResultCallback,android.os.Bundle)
android.support.v4.print.PrintHelper$PrintBitmapAdapter: void onWrite(android.print.PageRange[],android.os.ParcelFileDescriptor,android.os.CancellationSignal,android.print.PrintDocumentAdapter$WriteResultCallback)
android.support.v4.print.PrintHelper$PrintBitmapAdapter: void onFinish()
android.support.v4.print.PrintHelper$PrintUriAdapter
android.support.v4.print.PrintHelper$PrintUriAdapter: void onLayout(android.print.PrintAttributes,android.print.PrintAttributes,android.os.CancellationSignal,android.print.PrintDocumentAdapter$LayoutResultCallback,android.os.Bundle)
android.support.v4.print.PrintHelper$PrintUriAdapter: void onFinish()
android.support.v4.print.PrintHelper$PrintUriAdapter: void onWrite(android.print.PageRange[],android.os.ParcelFileDescriptor,android.os.CancellationSignal,android.print.PrintDocumentAdapter$WriteResultCallback)