app/build/outputs/mapping/release/mapping.txt
com.kuro.daksh.fcm.BuildConfig -> com.kuro.daksh.fcm.BuildConfig:
    boolean DEBUG -> DEBUG
    java.lang.String APPLICATION_ID -> APPLICATION_ID
    java.lang.String BUILD_TYPE -> BUILD_TYPE
    java.lang.String FLAVOR -> FLAVOR
    int VERSION_CODE -> VERSION_CODE
    java.lang.String VERSION_NAME -> VERSION_NAME
    void <init>() -> <init>
com.kuro.daksh.fcm.Config.Config -> com.kuro.daksh.fcm.Config.Config:
    java.lang.String message -> message
    java.lang.String title -> title
    void <init>() -> <init>
    void <clinit>() -> <clinit>
com.kuro.daksh.fcm.MainActivity -> com.kuro.daksh.fcm.MainActivity:
    java.lang.String TAG -> TAG
    com.google.firebase.analytics.FirebaseAnalytics mFirebaseAnalytics -> mFirebaseAnalytics
    android.content.Context context -> k
    void <init>() -> <init>
    void onCreate(android.os.Bundle) -> onCreate
com.kuro.daksh.fcm.MainActivity$1 -> com.kuro.daksh.fcm.MainActivity$1:
    com.kuro.daksh.fcm.MainActivity this$0 -> a
    void <init>(com.kuro.daksh.fcm.MainActivity) -> <init>
    void onClick(android.view.View) -> onClick
com.kuro.daksh.fcm.MainActivity$1$1 -> com.kuro.daksh.fcm.MainActivity$1$1:
    com.kuro.daksh.fcm.MainActivity$1 this$1 -> a
    void <init>(com.kuro.daksh.fcm.MainActivity$1) -> <init>
    void onComplete(com.google.android.gms.tasks.Task) -> onComplete
com.kuro.daksh.fcm.MainActivity$2 -> com.kuro.daksh.fcm.MainActivity$2:
    com.kuro.daksh.fcm.MainActivity this$0 -> a
    void <init>(com.kuro.daksh.fcm.MainActivity) -> <init>
    void onClick(android.view.View) -> onClick
com.kuro.daksh.fcm.MainActivity$2$1 -> com.kuro.daksh.fcm.MainActivity$2$1:
    com.kuro.daksh.fcm.MainActivity$2 this$1 -> a
    void <init>(com.kuro.daksh.fcm.MainActivity$2) -> <init>
    void onComplete(com.google.android.gms.tasks.Task) -> onComplete
com.kuro.daksh.fcm.Manifest -> com.kuro.daksh.fcm.Manifest:
    void <init>() -> <init>
com.kuro.daksh.fcm.Manifest$permission -> com.kuro.daksh.fcm.Manifest$permission:
    java.lang.String C2D_MESSAGE -> C2D_MESSAGE
    void <init>() -> <init>
com.kuro.daksh.fcm.MyFirebaseMessagingService -> com.kuro.daksh.fcm.MyFirebaseMessagingService:
    java.lang.String TAG -> TAG
    com.squareup.picasso.Target target -> b
    void <init>() -> <init>
    void onMessageReceived(com.google.firebase.messaging.RemoteMessage) -> onMessageReceived
    void showNotificationWithImage(android.graphics.Bitmap) -> showNotificationWithImage
    void getImage(com.google.firebase.messaging.RemoteMessage) -> getImage
    void onNewToken(java.lang.String) -> onNewToken
    void scheduleJob() -> scheduleJob
    void handleNow() -> handleNow
    void sendRegistrationToServer(java.lang.String) -> sendRegistrationToServer
    void sendNotification(java.lang.String) -> sendNotification
    void access$000(com.kuro.daksh.fcm.MyFirebaseMessagingService,android.graphics.Bitmap) -> a
com.kuro.daksh.fcm.MyFirebaseMessagingService$1 -> com.kuro.daksh.fcm.MyFirebaseMessagingService$1:
    com.kuro.daksh.fcm.MyFirebaseMessagingService this$0 -> a
    void <init>(com.kuro.daksh.fcm.MyFirebaseMessagingService) -> <init>
    void onBitmapLoaded(android.graphics.Bitmap,com.squareup.picasso.Picasso$LoadedFrom) -> onBitmapLoaded
    void onBitmapFailed(android.graphics.drawable.Drawable) -> onBitmapFailed
    void onPrepareLoad(android.graphics.drawable.Drawable) -> onPrepareLoad
com.kuro.daksh.fcm.MyFirebaseMessagingService$2 -> com.kuro.daksh.fcm.MyFirebaseMessagingService$2:
    com.google.firebase.messaging.RemoteMessage val$remoteMessage -> a
    com.kuro.daksh.fcm.MyFirebaseMessagingService this$0 -> b
    void <init>(com.kuro.daksh.fcm.MyFirebaseMessagingService,com.google.firebase.messaging.RemoteMessage) -> <init>
    void run() -> run
...
com.google.firebase.auth.api.internal.zzai -> com.google.firebase.auth.api.internal.zzai:
    com.google.android.gms.common.api.GoogleApi zzjq -> zzjq
    com.google.android.gms.common.api.GoogleApi zzjr -> zzjr
    com.google.firebase.auth.api.internal.zzan zzjs -> zzjs
    void <init>(com.google.android.gms.common.api.GoogleApi,com.google.android.gms.common.api.GoogleApi,com.google.firebase.auth.api.internal.zzan) -> <init>
com.google.firebase.auth.api.internal.zzaj -> com.google.firebase.auth.api.internal.zzaj:
    boolean zzjt -> a
    void <init>() -> <init>
    com.google.firebase.auth.api.internal.zzaj zzcz() -> zzcz
    java.lang.Object clone() -> clone
com.google.firebase.auth.api.internal.zzak -> com.google.firebase.auth.api.internal.zzak:
    int zzju -> zzju
    int zzjv -> zzjv
    java.util.Map zzjw -> zzjw
    void <init>(int,int,java.util.Map) -> <init>
    boolean zzbr(java.lang.String) -> zzbr
com.google.firebase.auth.api.internal.zzal -> com.google.firebase.auth.api.internal.zzal:
    void <init>(android.content.Context,com.google.android.gms.common.api.Api,com.google.android.gms.common.api.Api$ApiOptions,com.google.android.gms.common.api.internal.StatusExceptionMapper) -> <init>
com.google.firebase.auth.api.internal.zzam -> com.google.firebase.auth.api.internal.zzam:
    java.lang.String zzda() -> zzda
    com.google.android.gms.common.api.internal.TaskApiCall zzdb() -> zzdb
    com.google.firebase.auth.api.internal.zzam zzdc() -> zzdc
com.google.firebase.auth.api.internal.zzan -> com.google.firebase.auth.api.internal.zzan:
    boolean zzbr(java.lang.String) -> zzbr
com.google.firebase.auth.api.internal.zzao -> com.google.firebase.auth.api.internal.zzao:
    android.content.Context zzjx -> zzjx
    com.google.firebase.auth.api.internal.zzef zzjy -> zzjy
    java.util.concurrent.Future zzjz -> zzjz
    void <init>(android.content.Context,com.google.firebase.auth.api.internal.zzef) -> <init>
    java.util.concurrent.Future zzcw() -> a
    com.google.android.gms.tasks.Task zza(com.google.firebase.FirebaseApp,com.google.firebase.auth.FirebaseUser,java.lang.String,com.google.firebase.auth.internal.zzah) -> zza
    com.google.android.gms.tasks.Task zza(com.google.firebase.FirebaseApp,java.lang.String,com.google.firebase.auth.internal.zza) -> zza
    com.google.android.gms.tasks.Task zza(com.google.firebase.FirebaseApp,com.google.firebase.auth.AuthCredential,java.lang.String,com.google.firebase.auth.internal.zza) -> zza
    com.google.android.gms.tasks.Task zza(com.google.firebase.FirebaseApp,com.google.firebase.auth.FirebaseUser,com.google.firebase.auth.AuthCredential,java.lang.String,com.google.firebase.auth.internal.zzah) -> zza
    com.google.android.gms.tasks.Task zzb(com.google.firebase.FirebaseApp,com.google.firebase.auth.FirebaseUser,com.google.firebase.auth.AuthCredential,java.lang.String,com.google.firebase.auth.internal.zzah) -> zzb
    com.google.android.gms.tasks.Task zza(com.google.firebase.FirebaseApp,com.google.firebase.auth.internal.zza,java.lang.String) -> zza
com.google.firebase.auth.api.internal.zzap -> com.google.firebase.auth.api.internal.zzap:
    com.google.firebase.auth.api.internal.zzam zzka -> zzka
    com.google.firebase.auth.api.internal.zzao zzkb -> zzkb
    void <init>(com.google.firebase.auth.api.internal.zzao,com.google.firebase.auth.api.internal.zzam) -> <init>
    java.lang.Object then(com.google.android.gms.tasks.Task) -> then
com.google.firebase.auth.api.internal.zzaq -> com.google.firebase.auth.api.internal.zzaq:
    com.google.android.gms.internal.firebase_auth.zzag zzkc -> zzkc
    void <init>(java.lang.String,java.lang.String) -> <init>
    java.lang.String zzda() -> zzda
    com.google.android.gms.common.api.internal.TaskApiCall zzdb() -> zzdb
    void zzdd() -> zzdd
    void zza(com.google.firebase.auth.api.internal.zzdq,com.google.android.gms.tasks.TaskCompletionSource) -> a