app/build/outputs/mapping/release/usage.txt
android.arch.lifecycle.LiveData:
    static final int START_VERSION
android.arch.lifecycle.ReportFragment:
    46:46:static android.arch.lifecycle.ReportFragment get(android.app.Activity)
    127:128:void setProcessListener(android.arch.lifecycle.ReportFragment$ActivityInitializationListener)
android.support.constraint.ConstraintLayout:
    static final boolean ALLOWS_EMBEDDED
android.support.constraint.ConstraintSet$Constraint:
    static final int UNSET
android.support.constraint.solver.ArrayLinkedVariables:
    428:436:boolean hasAtLeastOnePositiveVariable()
    668:687:android.support.constraint.solver.SolverVariable getPivotCandidate()
android.support.constraint.solver.LinearSystem:
    329:329:android.support.constraint.solver.LinearSystem$Row getGoal()
    332:332:android.support.constraint.solver.ArrayRow getRow(int)
    336:340:float getValueFor(java.lang.String)
    359:366:android.support.constraint.solver.SolverVariable getVariable(java.lang.String,android.support.constraint.solver.SolverVariable$Type)
    870:880:void displayReadableRows()
    916:938:void displaySystemInformations()
android.support.constraint.solver.SolverVariable:
    static final int MAX_STRENGTH
    127:130:void clearStrengths()
    133:159:java.lang.String strengthsToString()
android.support.constraint.solver.widgets.ConstraintTableLayout$HorizontalSlice:
    int padding
android.support.constraint.solver.widgets.ConstraintTableLayout$VerticalSlice:
    int padding
android.support.constraint.solver.widgets.ConstraintWidget:
    static final int DIMENSION_HORIZONTAL
    static final int DIMENSION_VERTICAL
    int mDistToTop
    int mDistToLeft
    int mDistToRight
    int mDistToBottom
    boolean mLeftHasCentered
    boolean mRightHasCentered
    boolean mTopHasCentered
    boolean mBottomHasCentered
    733:733:int getInternalDrawX()
    737:737:int getInternalDrawY()
android.support.constraint.solver.widgets.ConstraintWidgetContainer:
    static final boolean DEBUG_GRAPH
android.support.constraint.solver.widgets.Optimizer:
    static final int FLAG_USE_OPTIMIZE
    static final int FLAG_CHAIN_DANGLING
    static final int FLAG_RECOMPUTE_BOUNDS
android.support.constraint.solver.widgets.Rectangle:
    34:38:void grow(int,int)
android.support.design.widget.CoordinatorLayout:
    static final java.lang.String TAG
    static final int EVENT_PRE_DRAW
    static final int EVENT_NESTED_SCROLL
    static final int EVENT_VIEW_REMOVED
android.support.graphics.drawable.AndroidResources:
    static final int STYLEABLE_VECTOR_DRAWABLE_ALPHA
    static final int STYLEABLE_VECTOR_DRAWABLE_AUTO_MIRRORED
    static final int STYLEABLE_VECTOR_DRAWABLE_HEIGHT
    static final int STYLEABLE_VECTOR_DRAWABLE_NAME
    static final int STYLEABLE_VECTOR_DRAWABLE_TINT
    static final int STYLEABLE_VECTOR_DRAWABLE_TINT_MODE
    static final int STYLEABLE_VECTOR_DRAWABLE_VIEWPORT_HEIGHT
    static final int STYLEABLE_VECTOR_DRAWABLE_VIEWPORT_WIDTH
    static final int STYLEABLE_VECTOR_DRAWABLE_WIDTH
    static final int STYLEABLE_VECTOR_DRAWABLE_GROUP_NAME
    static final int STYLEABLE_VECTOR_DRAWABLE_GROUP_PIVOT_X
    static final int STYLEABLE_VECTOR_DRAWABLE_GROUP_PIVOT_Y
    static final int STYLEABLE_VECTOR_DRAWABLE_GROUP_ROTATION
    static final int STYLEABLE_VECTOR_DRAWABLE_GROUP_SCALE_X
    static final int STYLEABLE_VECTOR_DRAWABLE_GROUP_SCALE_Y
    static final int STYLEABLE_VECTOR_DRAWABLE_GROUP_TRANSLATE_X
    static final int STYLEABLE_VECTOR_DRAWABLE_GROUP_TRANSLATE_Y
    static final int STYLEABLE_VECTOR_DRAWABLE_PATH_FILL_ALPHA
    static final int STYLEABLE_VECTOR_DRAWABLE_PATH_FILL_COLOR
    static final int STYLEABLE_VECTOR_DRAWABLE_PATH_NAME
    static final int STYLEABLE_VECTOR_DRAWABLE_PATH_PATH_DATA
    static final int STYLEABLE_VECTOR_DRAWABLE_PATH_STROKE_ALPHA
    static final int STYLEABLE_VECTOR_DRAWABLE_PATH_STROKE_COLOR
    static final int STYLEABLE_VECTOR_DRAWABLE_PATH_STROKE_LINE_CAP